# JRE version: OpenJDK Runtime Environment (11.0.12+7) (build 11.0.12+7-b1504.28-7817840)
# Java VM: OpenJDK 64-Bit Server VM (11.0.12+7-b1504.28-7817840, mixed mode, tiered, compressed oops, g1 gc, windows-amd64)
Heap:
 garbage-first heap   total 114688K, used 51832K [0x0000000080000000, 0x0000000100000000)
  region size 1024K, 8 young (8192K), 5 survivors (5120K)
 Metaspace       used 62480K, capacity 63927K, committed 63948K, reserved 1118208K
  class space    used 7899K, capacity 8448K, committed 8448K, reserved 1048576K
GC Heap History (20 events):
Event: 11.270 GC heap before
{Heap before GC invocations=13 (full 0):
 garbage-first heap   total 65536K, used 47224K [0x0000000080000000, 0x0000000100000000)
  region size 1024K, 29 young (29696K), 4 survivors (4096K)
 Metaspace       used 37023K, capacity 37893K, committed 38092K, reserved 1083392K
  class space    used 4767K, capacity 5115K, committed 5120K, reserved 1048576K
}
Event: 11.287 GC heap after
{Heap after GC invocations=14 (full 0):
 garbage-first heap   total 78848K, used 26071K [0x0000000080000000, 0x0000000100000000)
  region size 1024K, 4 young (4096K), 4 survivors (4096K)
 Metaspace       used 37023K, capacity 37893K, committed 38092K, reserved 1083392K
  class space    used 4767K, capacity 5115K, committed 5120K, reserved 1048576K
}
Event: 12.238 GC heap before
{Heap before GC invocations=14 (full 0):
 garbage-first heap   total 78848K, used 58839K [0x0000000080000000, 0x0000000100000000)
  region size 1024K, 34 young (34816K), 4 survivors (4096K)
 Metaspace       used 39396K, capacity 40348K, committed 40396K, reserved 1085440K
  class space    used 5028K, capacity 5354K, committed 5376K, reserved 1048576K
}
Event: 12.253 GC heap after
{Heap after GC invocations=15 (full 0):
 garbage-first heap   total 78848K, used 27719K [0x0000000080000000, 0x0000000100000000)
  region size 1024K, 5 young (5120K), 5 survivors (5120K)
 Metaspace       used 39396K, capacity 40348K, committed 40396K, reserved 1085440K
  class space    used 5028K, capacity 5354K, committed 5376K, reserved 1048576K
}
Event: 13.418 GC heap before
{Heap before GC invocations=15 (full 0):
 garbage-first heap   total 78848K, used 57415K [0x0000000080000000, 0x0000000100000000)
  region size 1024K, 34 young (34816K), 5 survivors (5120K)
 Metaspace       used 41925K, capacity 42857K, committed 43084K, reserved 1087488K
  class space    used 5397K, capacity 5755K, committed 5760K, reserved 1048576K
}
Event: 13.431 GC heap after
{Heap after GC invocations=16 (full 0):
 garbage-first heap   total 78848K, used 29257K [0x0000000080000000, 0x0000000100000000)
  region size 1024K, 4 young (4096K), 4 survivors (4096K)
 Metaspace       used 41925K, capacity 42857K, committed 43084K, reserved 1087488K
  class space    used 5397K, capacity 5755K, committed 5760K, reserved 1048576K
}
Event: 14.222 GC heap before
{Heap before GC invocations=16 (full 0):
 garbage-first heap   total 78848K, used 59977K [0x0000000080000000, 0x0000000100000000)
  region size 1024K, 34 young (34816K), 4 survivors (4096K)
 Metaspace       used 44751K, capacity 45843K, committed 46028K, reserved 1089536K
  class space    used 5751K, capacity 6131K, committed 6144K, reserved 1048576K
}
Event: 14.234 GC heap after
{Heap after GC invocations=17 (full 0):
 garbage-first heap   total 78848K, used 30620K [0x0000000080000000, 0x0000000100000000)
  region size 1024K, 3 young (3072K), 3 survivors (3072K)
 Metaspace       used 44751K, capacity 45843K, committed 46028K, reserved 1089536K
  class space    used 5751K, capacity 6131K, committed 6144K, reserved 1048576K
}
Event: 14.967 GC heap before
{Heap before GC invocations=17 (full 0):
 garbage-first heap   total 78848K, used 61340K [0x0000000080000000, 0x0000000100000000)
  region size 1024K, 33 young (33792K), 3 survivors (3072K)
 Metaspace       used 47048K, capacity 48094K, committed 48204K, reserved 1091584K
  class space    used 6079K, capacity 6480K, committed 6528K, reserved 1048576K
}
Event: 14.980 GC heap after
{Heap after GC invocations=18 (full 0):
 garbage-first heap   total 95232K, used 31462K [0x0000000080000000, 0x0000000100000000)
  region size 1024K, 2 young (2048K), 2 survivors (2048K)
 Metaspace       used 47048K, capacity 48094K, committed 48204K, reserved 1091584K
  class space    used 6079K, capacity 6480K, committed 6528K, reserved 1048576K
}
Event: 18.040 GC heap before
{Heap before GC invocations=18 (full 0):
 garbage-first heap   total 95232K, used 69350K [0x0000000080000000, 0x0000000100000000)
  region size 1024K, 38 young (38912K), 2 survivors (2048K)
 Metaspace       used 48462K, capacity 49589K, committed 49612K, reserved 1091584K
  class space    used 6197K, capacity 6649K, committed 6656K, reserved 1048576K
}
Event: 18.052 GC heap after
{Heap after GC invocations=19 (full 0):
 garbage-first heap   total 95232K, used 38056K [0x0000000080000000, 0x0000000100000000)
  region size 1024K, 5 young (5120K), 5 survivors (5120K)
 Metaspace       used 48462K, capacity 49589K, committed 49612K, reserved 1091584K
  class space    used 6197K, capacity 6649K, committed 6656K, reserved 1048576K
}
Event: 19.887 GC heap before
{Heap before GC invocations=19 (full 0):
 garbage-first heap   total 95232K, used 74920K [0x0000000080000000, 0x0000000100000000)
  region size 1024K, 40 young (40960K), 5 survivors (5120K)
 Metaspace       used 51828K, capacity 53094K, committed 53196K, reserved 1095680K
  class space    used 6621K, capacity 7082K, committed 7168K, reserved 1048576K
}
Event: 19.909 GC heap after
{Heap after GC invocations=20 (full 0):
 garbage-first heap   total 95232K, used 45405K [0x0000000080000000, 0x0000000100000000)
  region size 1024K, 5 young (5120K), 5 survivors (5120K)
 Metaspace       used 51828K, capacity 53094K, committed 53196K, reserved 1095680K
  class space    used 6621K, capacity 7082K, committed 7168K, reserved 1048576K
}
Event: 21.080 GC heap before
{Heap before GC invocations=20 (full 0):
 garbage-first heap   total 95232K, used 76125K [0x0000000080000000, 0x0000000100000000)
  region size 1024K, 35 young (35840K), 5 survivors (5120K)
 Metaspace       used 56345K, capacity 57698K, committed 57804K, reserved 1099776K
  class space    used 7167K, capacity 7655K, committed 7680K, reserved 1048576K
}
Event: 21.105 GC heap after
{Heap after GC invocations=21 (full 0):
 garbage-first heap   total 95232K, used 46359K [0x0000000080000000, 0x0000000100000000)
  region size 1024K, 2 young (2048K), 2 survivors (2048K)
 Metaspace       used 56345K, capacity 57698K, committed 57804K, reserved 1099776K
  class space    used 7167K, capacity 7655K, committed 7680K, reserved 1048576K
}
Event: 22.486 GC heap before
{Heap before GC invocations=21 (full 0):
 garbage-first heap   total 95232K, used 61719K [0x0000000080000000, 0x0000000100000000)
  region size 1024K, 18 young (18432K), 2 survivors (2048K)
 Metaspace       used 58789K, capacity 60156K, committed 60288K, reserved 1101824K
  class space    used 7425K, capacity 7936K, committed 7936K, reserved 1048576K
}
Event: 22.497 GC heap after
{Heap after GC invocations=22 (full 0):
 garbage-first heap   total 114688K, used 46940K [0x0000000080000000, 0x0000000100000000)
  region size 1024K, 2 young (2048K), 2 survivors (2048K)
 Metaspace       used 58789K, capacity 60156K, committed 60288K, reserved 1101824K
  class space    used 7425K, capacity 7936K, committed 7936K, reserved 1048576K
}
Event: 23.981 GC heap before
{Heap before GC invocations=23 (full 0):
 garbage-first heap   total 114688K, used 74588K [0x0000000080000000, 0x0000000100000000)
  region size 1024K, 31 young (31744K), 2 survivors (2048K)
 Metaspace       used 62171K, capacity 63639K, committed 63692K, reserved 1110016K
  class space    used 7852K, capacity 8416K, committed 8448K, reserved 1048576K
}
Event: 24.039 GC heap after
{Heap after GC invocations=24 (full 0):
 garbage-first heap   total 114688K, used 49784K [0x0000000080000000, 0x0000000100000000)
  region size 1024K, 5 young (5120K), 5 survivors (5120K)
 Metaspace       used 62171K, capacity 63639K, committed 63692K, reserved 1110016K
  class space    used 7852K, capacity 8416K, committed 8448K, reserved 1048576K
}

